<?xml version="1.0" encoding="UTF-8"?>
<testng-results ignored="0" total="1" passed="1" failed="0" skipped="0">
  <reporter-output>
  </reporter-output>
  <suite started-at="2022-08-16T18:31:37 IST" name="Default suite" finished-at="2022-08-16T18:31:41 IST" duration-ms="3521">
    <groups>
    </groups>
    <test started-at="2022-08-16T18:31:37 IST" name="Default test" finished-at="2022-08-16T18:31:41 IST" duration-ms="3521">
      <class name="CHECKINGJENKINS.JenkinTest">
        <test-method signature="jenkinTest()[pri:0, instance:CHECKINGJENKINS.JenkinTest@27ff5d15]" started-at="2022-08-16T18:31:37 IST" name="jenkinTest" finished-at="2022-08-16T18:31:41 IST" duration-ms="3471" status="PASS">
          <reporter-output>
          </reporter-output>
        </test-method> <!-- jenkinTest -->
      </class> <!-- CHECKINGJENKINS.JenkinTest -->
    </test> <!-- Default test -->
  </suite> <!-- Default suite -->
</testng-results>
